2024-02-09T15:02:48+00:00 CRITICAL Uncaught Error: Call to a member function get_cart_contents_count() on null in D:\xampp\htdocs\wordpress\wp-content\plugins\foodbook-light-online-food-ordering-system\view\template-part-woo-items.php:230
Stack trace:
#0 D:\xampp\htdocs\wordpress\wp-content\plugins\foodbook-light-online-food-ordering-system\inc\class-hooks.php(74): include()
#1 D:\xampp\htdocs\wordpress\wp-includes\shortcodes.php(433): FoodBookLite\Hooks::foodbooklite_shortcode('', '', 'foodbooklite_pr...')
#2 [internal function]: do_shortcode_tag(Array)
#3 D:\xampp\htdocs\wordpress\wp-includes\shortcodes.php(273): preg_replace_callback('/\\[(\\[?)(foodbo...', 'do_shortcode_ta...', '[foodbooklite_p...')
#4 D:\xampp\htdocs\wordpress\wp-content\plugins\elementor\includes\widgets\shortcode.php(133): do_shortcode('[foodbooklite_p...')
#5 D:\xampp\htdocs\wordpress\wp-content\plugins\elementor\includes\base\controls-stack.php(2297): Elementor\Widget_Shortcode->render()
#6 D:\xampp\htdocs\wordpress\wp-content\plugins\elementor\includes\base\widget-base.php(614): Elementor\Controls_Stack->render_by_mode()
#7 D:\xampp\htdocs\wordpress\wp-content\plugins\elementor\includes\base\widget-base.php(755): Elementor\Widget_Base->render_content()
#8 D:\xampp\htdocs\wordpress\wp-content\plugins\elementor\includes\base\element-base.php(464): Elementor\Widget_Base->print_content()
#9 D:\xampp\htdocs\wordpress\wp-content\plugins\elementor\includes\base\element-base.php(1372): Elementor\Element_Base->print_element()
#10 D:\xampp\htdocs\wordpress\wp-content\plugins\elementor\includes\base\element-base.php(464): Elementor\Element_Base->print_content()
#11 D:\xampp\htdocs\wordpress\wp-content\plugins\elementor\core\base\document.php(1740): Elementor\Element_Base->print_element()
#12 D:\xampp\htdocs\wordpress\wp-content\plugins\elementor\core\base\document.php(1139): Elementor\Core\Base\Document->print_elements(Array)
#13 D:\xampp\htdocs\wordpress\wp-content\plugins\elementor\includes\frontend.php(1165): Elementor\Core\Base\Document->print_elements_with_wrapper(Array)
#14 D:\xampp\htdocs\wordpress\wp-content\plugins\elementor\includes\frontend.php(1060): Elementor\Frontend->get_builder_content(29)
#15 D:\xampp\htdocs\wordpress\wp-includes\class-wp-hook.php(324): Elementor\Frontend->apply_builder_in_content('<style>/*! elem...')
#16 D:\xampp\htdocs\wordpress\wp-includes\plugin.php(205): WP_Hook->apply_filters('<style>/*! elem...', Array)
#17 D:\xampp\htdocs\wordpress\wp-includes\rest-api\endpoints\class-wp-rest-posts-controller.php(1863): apply_filters('the_content', '<style>/*! elem...')
#18 D:\xampp\htdocs\wordpress\wp-includes\rest-api\endpoints\class-wp-rest-posts-controller.php(569): WP_REST_Posts_Controller->prepare_item_for_response(Object(WP_Post), Object(WP_REST_Request))
#19 D:\xampp\htdocs\wordpress\wp-includes\rest-api\class-wp-rest-server.php(1193): WP_REST_Posts_Controller->get_item(Object(WP_REST_Request))
#20 D:\xampp\htdocs\wordpress\wp-includes\rest-api\class-wp-rest-server.php(1041): WP_REST_Server->respond_to_request(Object(WP_REST_Request), '/wp/v2/pages/(?...', Array, NULL)
#21 D:\xampp\htdocs\wordpress\wp-includes\rest-api\class-wp-rest-server.php(431): WP_REST_Server->dispatch(Object(WP_REST_Request))
#22 D:\xampp\htdocs\wordpress\wp-includes\rest-api.php(424): WP_REST_Server->serve_request('/wp/v2/pages/29')
#23 D:\xampp\htdocs\wordpress\wp-includes\class-wp-hook.php(324): rest_api_loaded(Object(WP))
#24 D:\xampp\htdocs\wordpress\wp-includes\class-wp-hook.php(348): WP_Hook->apply_filters(NULL, Array)
#25 D:\xampp\htdocs\wordpress\wp-includes\plugin.php(565): WP_Hook->do_action(Array)
#26 D:\xampp\htdocs\wordpress\wp-includes\class-wp.php(418): do_action_ref_array('parse_request', Array)
#27 D:\xampp\htdocs\wordpress\wp-includes\class-wp.php(813): WP->parse_request('')
#28 D:\xampp\htdocs\wordpress\wp-includes\functions.php(1336): WP->main('')
#29 D:\xampp\htdocs\wordpress\wp-blog-header.php(16): wp()
#30 D:\xampp\htdocs\wordpress\index.php(17): require('D:\\xampp\\htdocs...')
#31 {main}
  thrown in D:\xampp\htdocs\wordpress\wp-content\plugins\foodbook-light-online-food-ordering-system\view\template-part-woo-items.php on line 230

